Ximalaya/build/intermediates/manifest_merge_blame_file/debug/manifest-merger-blame-debug-report.txt
1<?xml version="1.0" encoding="utf-8"?>
2<manifest xmlns:android="http://schemas.android.com/apk/res/android"
3    package="com.app.test.android" >
4
5    <uses-sdk
6        android:minSdkVersion="21"
6-->SmartSleep/Ximalaya/AndroidManifest.xml
7        android:targetSdkVersion="28" />
7-->SmartSleep/Ximalaya/AndroidManifest.xml
8
9    <!-- 连接网络 -->
10    <uses-permission android:name="android.permission.INTERNET" />
10-->SmartSleep/Ximalaya/AndroidManifest.xml:6:5-67
10-->SmartSleep/Ximalaya/AndroidManifest.xml:6:22-64
11    <!-- debug环境下将播放中产生的log输出到外置sdk,方便查询问题 -->
12    <uses-permission android:name="android.permission.WRITE_EXTERNAL_STORAGE" />
12-->SmartSleep/Ximalaya/AndroidManifest.xml:8:5-81
12-->SmartSleep/Ximalaya/AndroidManifest.xml:8:22-78
13    <!-- 用于管理监听网络状态的变化 -->
14    <uses-permission android:name="android.permission.ACCESS_WIFI_STATE" />
14-->SmartSleep/Ximalaya/AndroidManifest.xml:10:5-76
14-->SmartSleep/Ximalaya/AndroidManifest.xml:10:22-73
15    <!-- 用于管理监听网络状态的变化 -->
16    <uses-permission android:name="android.permission.ACCESS_NETWORK_STATE" />
16-->SmartSleep/Ximalaya/AndroidManifest.xml:12:5-79
16-->SmartSleep/Ximalaya/AndroidManifest.xml:12:22-76
17    <!-- 用于管理监听网络状态的变化 -->
18    <uses-permission android:name="android.permission.CHANGE_NETWORK_STATE" />
18-->SmartSleep/Ximalaya/AndroidManifest.xml:14:5-79
18-->SmartSleep/Ximalaya/AndroidManifest.xml:14:22-76
19    <!-- 获取电话的状态,在打电话的时候暂停播放 -->
20    <uses-permission android:name="android.permission.READ_PHONE_STATE" />
20-->SmartSleep/Ximalaya/AndroidManifest.xml:16:5-75
20-->SmartSleep/Ximalaya/AndroidManifest.xml:16:22-72
21    <!-- target >=28 需要设置此权限 -->
22    <uses-permission android:name="android.permission.FOREGROUND_SERVICE" />
22-->SmartSleep/Ximalaya/AndroidManifest.xml:18:5-76
22-->SmartSleep/Ximalaya/AndroidManifest.xml:18:22-74
23
24    <application>
24-->SmartSleep/Ximalaya/AndroidManifest.xml:20:5-81:19
25        <meta-data
25-->SmartSleep/Ximalaya/AndroidManifest.xml:22:9-24:64
26            android:name="app_key"
26-->SmartSleep/Ximalaya/AndroidManifest.xml:23:13-35
27            android:value="9f9ef8f10bebeaa83e71e62f935bede8" />
27-->SmartSleep/Ximalaya/AndroidManifest.xml:24:13-61
28        <meta-data
28-->SmartSleep/Ximalaya/AndroidManifest.xml:26:9-28:52
29            android:name="pack_id"
29-->SmartSleep/Ximalaya/AndroidManifest.xml:27:13-35
30            android:value="com.app.test.android" />
30-->SmartSleep/Ximalaya/AndroidManifest.xml:28:13-49
31
32        <!-- 授权Activity -->
33        <activity
33-->SmartSleep/Ximalaya/AndroidManifest.xml:31:9-35:58
34            android:name="com.ximalaya.ting.android.opensdk.auth.component.XmlyBrowserComponent"
34-->SmartSleep/Ximalaya/AndroidManifest.xml:32:13-97
35            android:configChanges="keyboardHidden|orientation"
35-->SmartSleep/Ximalaya/AndroidManifest.xml:33:13-63
36            android:exported="false"
36-->SmartSleep/Ximalaya/AndroidManifest.xml:34:13-37
37            android:windowSoftInputMode="adjustResize" />
37-->SmartSleep/Ximalaya/AndroidManifest.xml:35:13-55
38
39        <!-- 购买Activity -->
40        <activity
40-->SmartSleep/Ximalaya/AndroidManifest.xml:38:9-42:58
41            android:name="com.ximalaya.ting.android.xmpayordersdk.XmPayOrderActivity"
41-->SmartSleep/Ximalaya/AndroidManifest.xml:39:13-86
42            android:configChanges="keyboardHidden|orientation"
42-->SmartSleep/Ximalaya/AndroidManifest.xml:40:13-63
43            android:exported="false"
43-->SmartSleep/Ximalaya/AndroidManifest.xml:41:13-37
44            android:windowSoftInputMode="adjustResize" />
44-->SmartSleep/Ximalaya/AndroidManifest.xml:42:13-55
45        <activity android:name="com.ximalaya.ting.android.opensdk.test.download.DownloadTrackActivity" />
45-->SmartSleep/Ximalaya/AndroidManifest.xml:44:9-116
45-->SmartSleep/Ximalaya/AndroidManifest.xml:44:19-103
46        <activity android:name="com.ximalaya.ting.android.opensdk.test.download.DownloadActivity" />
46-->SmartSleep/Ximalaya/AndroidManifest.xml:45:9-110
46-->SmartSleep/Ximalaya/AndroidManifest.xml:45:19-98
47        <activity android:name="com.ximalaya.ting.android.opensdk.test.download.BatchDownloadActivity" />
47-->SmartSleep/Ximalaya/AndroidManifest.xml:46:9-115
47-->SmartSleep/Ximalaya/AndroidManifest.xml:46:19-103
48        <activity android:name="com.ximalaya.ting.android.opensdk.test.XMAuthDemoActivity" />
48-->SmartSleep/Ximalaya/AndroidManifest.xml:47:9-93
48-->SmartSleep/Ximalaya/AndroidManifest.xml:47:19-91
49        <activity
49-->SmartSleep/Ximalaya/AndroidManifest.xml:48:9-51:63
50            android:name="com.ximalaya.ting.android.opensdk.test.pay.PayActivity"
50-->SmartSleep/Ximalaya/AndroidManifest.xml:48:19-88
51            android:configChanges="keyboardHidden|orientation"
51-->SmartSleep/Ximalaya/AndroidManifest.xml:49:19-69
52            android:exported="false"
52-->SmartSleep/Ximalaya/AndroidManifest.xml:50:19-43
53            android:windowSoftInputMode="adjustResize" />
53-->SmartSleep/Ximalaya/AndroidManifest.xml:51:19-61
54        <activity android:name="com.ximalaya.ting.android.opensdk.test.pay.PayedAlbumActivity" />
54-->SmartSleep/Ximalaya/AndroidManifest.xml:52:9-97
54-->SmartSleep/Ximalaya/AndroidManifest.xml:52:19-95
55        <activity android:name="com.ximalaya.ting.android.opensdk.test.download.BatchDownloadPayActivity" />
55-->SmartSleep/Ximalaya/AndroidManifest.xml:53:9-109
55-->SmartSleep/Ximalaya/AndroidManifest.xml:53:19-106
56
57        <service
57-->SmartSleep/Ximalaya/AndroidManifest.xml:55:9-56:19
58            android:name="com.ximalaya.ting.android.opensdk.player.service.XmPlayerService"
58-->SmartSleep/Ximalaya/AndroidManifest.xml:55:18-97
59            android:exported="true"
59-->SmartSleep/Ximalaya/AndroidManifest.xml:55:98-121
60            android:process=":player" >
60-->SmartSleep/Ximalaya/AndroidManifest.xml:55:122-147
61        </service>
62
63        <receiver
63-->SmartSleep/Ximalaya/AndroidManifest.xml:58:9-67:20
64            android:name="com.ximalaya.ting.android.opensdk.player.receive.PlayerReceiver"
64-->SmartSleep/Ximalaya/AndroidManifest.xml:59:13-91
65            android:exported="true"
65-->SmartSleep/Ximalaya/AndroidManifest.xml:59:92-115
66            android:process=":player" >
66-->SmartSleep/Ximalaya/AndroidManifest.xml:59:116-141
67            <intent-filter>
67-->SmartSleep/Ximalaya/AndroidManifest.xml:60:13-66:29
68                <action android:name="com.ximalaya.ting.android.ACTION_CONTROL_START_PAUSE" />
68-->SmartSleep/Ximalaya/AndroidManifest.xml:61:17-95
68-->SmartSleep/Ximalaya/AndroidManifest.xml:61:25-92
69                <action android:name="com.ximalaya.ting.android.ACTION_CONTROL_PLAY_PRE" />
69-->SmartSleep/Ximalaya/AndroidManifest.xml:62:17-92
69-->SmartSleep/Ximalaya/AndroidManifest.xml:62:25-89
70                <action android:name="com.ximalaya.ting.android.ACTION_CONTROL_PLAY_NEXT" />
70-->SmartSleep/Ximalaya/AndroidManifest.xml:63:17-93
70-->SmartSleep/Ximalaya/AndroidManifest.xml:63:25-90
71                <action android:name="com.ximalaya.ting.android.ACTION_CLOSE" />
71-->SmartSleep/Ximalaya/AndroidManifest.xml:64:17-81
71-->SmartSleep/Ximalaya/AndroidManifest.xml:64:25-78
72                <action android:name="com.ximalaya.ting.android.ACTION_CONTROL_RELEASE_SERVICE" />
72-->SmartSleep/Ximalaya/AndroidManifest.xml:65:17-99
72-->SmartSleep/Ximalaya/AndroidManifest.xml:65:25-96
73            </intent-filter>
74        </receiver>
75        <receiver
75-->SmartSleep/Ximalaya/AndroidManifest.xml:69:9-71:45
76            android:name="com.ximalaya.ting.android.opensdk.player.receive.WireControlReceiver"
76-->SmartSleep/Ximalaya/AndroidManifest.xml:69:19-102
77            android:exported="true"
77-->SmartSleep/Ximalaya/AndroidManifest.xml:71:19-42
78            android:process=":player" />
78-->SmartSleep/Ximalaya/AndroidManifest.xml:70:19-44
79        <receiver
79-->SmartSleep/Ximalaya/AndroidManifest.xml:73:9-78:20
80            android:name="com.ximalaya.ting.android.opensdk.test.reciver.MyPlayerReceiver"
80-->SmartSleep/Ximalaya/AndroidManifest.xml:73:19-97
81            android:exported="true" >
81-->SmartSleep/Ximalaya/AndroidManifest.xml:73:98-121
82            <intent-filter>
82-->SmartSleep/Ximalaya/AndroidManifest.xml:74:13-77:29
83                <action android:name="com.app.test.android.Action_Close" />
83-->SmartSleep/Ximalaya/AndroidManifest.xml:75:17-75
83-->SmartSleep/Ximalaya/AndroidManifest.xml:75:25-73
84                <action android:name="com.app.test.android.Action_PAUSE_START" />
84-->SmartSleep/Ximalaya/AndroidManifest.xml:76:17-81
84-->SmartSleep/Ximalaya/AndroidManifest.xml:76:25-79
85            </intent-filter>
86        </receiver>
87        <receiver android:name="com.ximalaya.ting.android.opensdk.test.reciver.CustomMediaButtonReceiver" />
87-->SmartSleep/Ximalaya/AndroidManifest.xml:79:9-108
87-->SmartSleep/Ximalaya/AndroidManifest.xml:79:19-106
88    </application>
89
90</manifest>